<?xml version="1.0" encoding="UTF-8"?>
<coverage generated="1585645143">
  <project timestamp="1585645143">
    <package name="TwbsHelper\Form\View\Helper\Factory">
      <file name="C:\Users\neilime\Documents\dev-projects\zf-twbs-helper-module\src\TwbsHelper\Form\View\Helper\Factory\FormCollectionFactory.php">
        <class name="TwbsHelper\Form\View\Helper\Factory\FormCollectionFactory" namespace="TwbsHelper\Form\View\Helper\Factory">
          <metrics complexity="2" methods="2" coveredmethods="1" conditionals="0" coveredconditionals="0" statements="3" coveredstatements="2" elements="5" coveredelements="3"/>
        </class>
        <line num="21" type="method" name="createService" visibility="public" complexity="1" crap="2" count="0"/>
        <line num="26" type="stmt" count="0"/>
        <line num="37" type="method" name="__invoke" visibility="public" complexity="1" crap="1" count="1"/>
        <line num="39" type="stmt" count="1"/>
        <line num="41" type="stmt" count="1"/>
        <metrics loc="43" ncloc="22" classes="1" methods="2" coveredmethods="1" conditionals="0" coveredconditionals="0" statements="3" coveredstatements="2" elements="5" coveredelements="3"/>
      </file>
      <file name="C:\Users\neilime\Documents\dev-projects\zf-twbs-helper-module\src\TwbsHelper\Form\View\Helper\Factory\FormElementFactory.php">
        <class name="TwbsHelper\Form\View\Helper\Factory\FormElementFactory" namespace="TwbsHelper\Form\View\Helper\Factory">
          <metrics complexity="2" methods="2" coveredmethods="2" conditionals="0" coveredconditionals="0" statements="3" coveredstatements="3" elements="5" coveredelements="5"/>
        </class>
        <line num="19" type="method" name="createService" visibility="public" complexity="1" crap="1" count="1"/>
        <line num="24" type="stmt" count="1"/>
        <line num="35" type="method" name="__invoke" visibility="public" complexity="1" crap="1" count="2"/>
        <line num="37" type="stmt" count="2"/>
        <line num="39" type="stmt" count="2"/>
        <metrics loc="41" ncloc="22" classes="1" methods="2" coveredmethods="2" conditionals="0" coveredconditionals="0" statements="3" coveredstatements="3" elements="5" coveredelements="5"/>
      </file>
      <file name="C:\Users\neilime\Documents\dev-projects\zf-twbs-helper-module\src\TwbsHelper\Form\View\Helper\Factory\FormFactory.php">
        <class name="TwbsHelper\Form\View\Helper\Factory\FormFactory" namespace="TwbsHelper\Form\View\Helper\Factory">
          <metrics complexity="2" methods="2" coveredmethods="1" conditionals="0" coveredconditionals="0" statements="3" coveredstatements="2" elements="5" coveredelements="3"/>
        </class>
        <line num="21" type="method" name="createService" visibility="public" complexity="1" crap="2" count="0"/>
        <line num="26" type="stmt" count="0"/>
        <line num="37" type="method" name="__invoke" visibility="public" complexity="1" crap="1" count="1"/>
        <line num="39" type="stmt" count="1"/>
        <line num="41" type="stmt" count="1"/>
        <metrics loc="43" ncloc="22" classes="1" methods="2" coveredmethods="1" conditionals="0" coveredconditionals="0" statements="3" coveredstatements="2" elements="5" coveredelements="3"/>
      </file>
      <file name="C:\Users\neilime\Documents\dev-projects\zf-twbs-helper-module\src\TwbsHelper\Form\View\Helper\Factory\FormRowFactory.php">
        <class name="TwbsHelper\Form\View\Helper\Factory\FormRowFactory" namespace="TwbsHelper\Form\View\Helper\Factory">
          <metrics complexity="2" methods="2" coveredmethods="1" conditionals="0" coveredconditionals="0" statements="3" coveredstatements="2" elements="5" coveredelements="3"/>
        </class>
        <line num="21" type="method" name="createService" visibility="public" complexity="1" crap="2" count="0"/>
        <line num="26" type="stmt" count="0"/>
        <line num="37" type="method" name="__invoke" visibility="public" complexity="1" crap="1" count="1"/>
        <line num="39" type="stmt" count="1"/>
        <line num="41" type="stmt" count="1"/>
        <metrics loc="43" ncloc="22" classes="1" methods="2" coveredmethods="1" conditionals="0" coveredconditionals="0" statements="3" coveredstatements="2" elements="5" coveredelements="3"/>
      </file>
    </package>
    <package name="TwbsHelper\Form\View\Helper">
      <file name="C:\Users\neilime\Documents\dev-projects\zf-twbs-helper-module\src\TwbsHelper\Form\View\Helper\Form.php">
        <class name="TwbsHelper\Form\View\Helper\Form" namespace="TwbsHelper\Form\View\Helper">
          <metrics complexity="31" methods="4" coveredmethods="3" conditionals="0" coveredconditionals="0" statements="68" coveredstatements="64" elements="72" coveredelements="67"/>
        </class>
        <line num="22" type="method" name="__construct" visibility="public" complexity="1" crap="1" count="1"/>
        <line num="24" type="stmt" count="1"/>
        <line num="25" type="stmt" count="1"/>
        <line num="31" type="method" name="__invoke" visibility="public" complexity="6" crap="9.16" count="23"/>
        <line num="34" type="stmt" count="23"/>
        <line num="35" type="stmt" count="0"/>
        <line num="36" type="stmt" count="0"/>
        <line num="40" type="stmt" count="23"/>
        <line num="41" type="stmt" count="0"/>
        <line num="42" type="stmt" count="0"/>
        <line num="46" type="stmt" count="23"/>
        <line num="47" type="stmt" count="22"/>
        <line num="49" type="stmt" count="1"/>
        <line num="58" type="method" name="render" visibility="public" complexity="5" crap="5" count="22"/>
        <line num="61" type="stmt" count="22"/>
        <line num="62" type="stmt" count="22"/>
        <line num="66" type="stmt" count="22"/>
        <line num="67" type="stmt" count="22"/>
        <line num="70" type="stmt" count="22"/>
        <line num="73" type="stmt" count="22"/>
        <line num="74" type="stmt" count="6"/>
        <line num="77" type="stmt" count="22"/>
        <line num="79" type="stmt" count="22"/>
        <line num="80" type="stmt" count="22"/>
        <line num="81" type="stmt" count="22"/>
        <line num="89" type="method" name="renderElements" visibility="protected" complexity="19" crap="19" count="22"/>
        <line num="92" type="stmt" count="22"/>
        <line num="95" type="stmt" count="22"/>
        <line num="98" type="stmt" count="22"/>
        <line num="101" type="stmt" count="22"/>
        <line num="104" type="stmt" count="22"/>
        <line num="107" type="stmt" count="22"/>
        <line num="110" type="stmt" count="22"/>
        <line num="113" type="stmt" count="22"/>
        <line num="116" type="stmt" count="22"/>
        <line num="117" type="stmt" count="22"/>
        <line num="118" type="stmt" count="22"/>
        <line num="120" type="stmt" count="22"/>
        <line num="121" type="stmt" count="12"/>
        <line num="125" type="stmt" count="22"/>
        <line num="126" type="stmt" count="10"/>
        <line num="131" type="stmt" count="22"/>
        <line num="132" type="stmt" count="22"/>
        <line num="134" type="stmt" count="2"/>
        <line num="136" type="stmt" count="2"/>
        <line num="137" type="stmt" count="2"/>
        <line num="139" type="stmt" count="2"/>
        <line num="140" type="stmt" count="2"/>
        <line num="143" type="stmt" count="2"/>
        <line num="145" type="stmt" count="2"/>
        <line num="147" type="stmt" count="22"/>
        <line num="148" type="stmt" count="2"/>
        <line num="149" type="stmt" count="2"/>
        <line num="151" type="stmt" count="22"/>
        <line num="156" type="stmt" count="22"/>
        <line num="158" type="stmt" count="22"/>
        <line num="160" type="stmt" count="22"/>
        <line num="161" type="stmt" count="2"/>
        <line num="162" type="stmt" count="2"/>
        <line num="163" type="stmt" count="2"/>
        <line num="166" type="stmt" count="2"/>
        <line num="167" type="stmt" count="2"/>
        <line num="170" type="stmt" count="2"/>
        <line num="173" type="stmt" count="2"/>
        <line num="175" type="stmt" count="2"/>
        <line num="178" type="stmt" count="22"/>
        <line num="179" type="stmt" count="22"/>
        <line num="183" type="stmt" count="22"/>
        <line num="184" type="stmt" count="7"/>
        <line num="185" type="stmt" count="7"/>
        <line num="186" type="stmt" count="7"/>
        <line num="191" type="stmt" count="22"/>
        <metrics loc="193" ncloc="132" classes="1" methods="4" coveredmethods="3" conditionals="0" coveredconditionals="0" statements="68" coveredstatements="64" elements="72" coveredelements="67"/>
      </file>
      <file name="C:\Users\neilime\Documents\dev-projects\zf-twbs-helper-module\src\TwbsHelper\Form\View\Helper\FormAddOn.php">
        <class name="TwbsHelper\Form\View\Helper\FormAddOn" namespace="TwbsHelper\Form\View\Helper">
          <metrics complexity="46" methods="9" coveredmethods="9" conditionals="0" coveredconditionals="0" statements="107" coveredstatements="107" elements="116" coveredelements="116"/>
        </class>
        <line num="21" type="method" name="__invoke" visibility="public" complexity="2" crap="2" count="8"/>
        <line num="23" type="stmt" count="8"/>
        <line num="26" type="method" name="render" visibility="public" complexity="10" crap="10" count="62"/>
        <line num="29" type="stmt" count="62"/>
        <line num="30" type="stmt" count="62"/>
        <line num="32" type="stmt" count="62"/>
        <line num="33" type="stmt" count="62"/>
        <line num="34" type="stmt" count="22"/>
        <line num="36" type="stmt" count="22"/>
        <line num="39" type="stmt" count="22"/>
        <line num="40" type="stmt" count="1"/>
        <line num="43" type="stmt" count="22"/>
        <line num="44" type="stmt" count="22"/>
        <line num="46" type="stmt" count="22"/>
        <line num="49" type="stmt" count="17"/>
        <line num="50" type="stmt" count="7"/>
        <line num="52" type="stmt" count="17"/>
        <line num="57" type="stmt" count="57"/>
        <line num="58" type="stmt" count="52"/>
        <line num="61" type="stmt" count="17"/>
        <line num="64" type="stmt" count="17"/>
        <line num="65" type="stmt" count="1"/>
        <line num="68" type="stmt" count="17"/>
        <line num="69" type="stmt" count="17"/>
        <line num="70" type="stmt" count="17"/>
        <line num="72" type="stmt" count="17"/>
        <line num="89" type="method" name="renderAddOn" visibility="protected" complexity="10" crap="10" count="22"/>
        <line num="94" type="stmt" count="22"/>
        <line num="95" type="stmt" count="1"/>
        <line num="96" type="stmt" count="21"/>
        <line num="97" type="stmt" count="11"/>
        <line num="98" type="stmt" count="12"/>
        <line num="99" type="stmt" count="1"/>
        <line num="100" type="stmt" count="1"/>
        <line num="101" type="stmt" count="1"/>
        <line num="105" type="stmt" count="21"/>
        <line num="106" type="stmt" count="2"/>
        <line num="107" type="stmt" count="2"/>
        <line num="108" type="stmt" count="2"/>
        <line num="109" type="stmt" count="2"/>
        <line num="113" type="stmt" count="2"/>
        <line num="117" type="stmt" count="21"/>
        <line num="118" type="stmt" count="7"/>
        <line num="121" type="stmt" count="21"/>
        <line num="124" type="method" name="renderContent" visibility="protected" complexity="12" crap="12" count="21"/>
        <line num="126" type="stmt" count="21"/>
        <line num="129" type="stmt" count="21"/>
        <line num="130" type="stmt" count="12"/>
        <line num="131" type="stmt" count="1"/>
        <line num="132" type="stmt" count="1"/>
        <line num="133" type="stmt" count="1"/>
        <line num="134" type="stmt" count="1"/>
        <line num="135" type="stmt" count="1"/>
        <line num="138" type="stmt" count="11"/>
        <line num="139" type="stmt" count="11"/>
        <line num="143" type="stmt" count="10"/>
        <line num="144" type="stmt" count="2"/>
        <line num="145" type="stmt" count="1"/>
        <line num="146" type="stmt" count="1"/>
        <line num="147" type="stmt" count="1"/>
        <line num="148" type="stmt" count="1"/>
        <line num="149" type="stmt" count="1"/>
        <line num="153" type="stmt" count="1"/>
        <line num="154" type="stmt" count="1"/>
        <line num="159" type="stmt" count="9"/>
        <line num="161" type="stmt" count="8"/>
        <line num="162" type="stmt" count="8"/>
        <line num="164" type="stmt" count="6"/>
        <line num="165" type="stmt" count="2"/>
        <line num="166" type="stmt" count="1"/>
        <line num="167" type="stmt" count="1"/>
        <line num="168" type="stmt" count="1"/>
        <line num="169" type="stmt" count="1"/>
        <line num="170" type="stmt" count="1"/>
        <line num="173" type="stmt" count="7"/>
        <line num="174" type="stmt" count="7"/>
        <line num="179" type="stmt" count="1"/>
        <line num="183" type="method" name="renderText" visibility="protected" complexity="2" crap="2" count="11"/>
        <line num="185" type="stmt" count="11"/>
        <line num="186" type="stmt" count="11"/>
        <line num="187" type="stmt" count="11"/>
        <line num="189" type="stmt" count="11"/>
        <line num="192" type="stmt" count="11"/>
        <line num="195" type="method" name="renderLabel" visibility="protected" complexity="1" crap="1" count="1"/>
        <line num="200" type="stmt" count="1"/>
        <line num="201" type="stmt" count="1"/>
        <line num="203" type="stmt" count="1"/>
        <line num="204" type="stmt" count="1"/>
        <line num="206" type="stmt" count="1"/>
        <line num="209" type="stmt" count="1"/>
        <line num="213" type="method" name="renderElement" visibility="protected" complexity="6" crap="6" count="7"/>
        <line num="216" type="stmt" count="7"/>
        <line num="217" type="stmt" count="2"/>
        <line num="218" type="stmt" count="1"/>
        <line num="219" type="stmt" count="1"/>
        <line num="222" type="stmt" count="1"/>
        <line num="223" type="stmt" count="1"/>
        <line num="224" type="stmt" count="1"/>
        <line num="228" type="stmt" count="7"/>
        <line num="229" type="stmt" count="7"/>
        <line num="230" type="stmt" count="7"/>
        <line num="233" type="stmt" count="7"/>
        <line num="236" type="stmt" count="7"/>
        <line num="237" type="stmt" count="7"/>
        <line num="239" type="stmt" count="1"/>
        <line num="240" type="stmt" count="1"/>
        <line num="241" type="stmt" count="1"/>
        <line num="245" type="stmt" count="6"/>
        <line num="248" type="method" name="renderAddOnElement" visibility="protected" complexity="1" crap="1" count="12"/>
        <line num="250" type="stmt" count="12"/>
        <line num="251" type="stmt" count="12"/>
        <line num="252" type="stmt" count="12"/>
        <line num="257" type="method" name="createFormElement" visibility="protected" complexity="2" crap="2" count="6"/>
        <line num="259" type="stmt" count="6"/>
        <line num="260" type="stmt" count="1"/>
        <line num="262" type="stmt" count="6"/>
        <metrics loc="264" ncloc="238" classes="1" methods="9" coveredmethods="9" conditionals="0" coveredconditionals="0" statements="107" coveredstatements="107" elements="116" coveredelements="116"/>
      </file>
      <file name="C:\Users\neilime\Documents\dev-projects\zf-twbs-helper-module\src\TwbsHelper\Form\View\Helper\FormButton.php">
        <class name="TwbsHelper\Form\View\Helper\FormButton" namespace="TwbsHelper\Form\View\Helper">
          <metrics complexity="70" methods="9" coveredmethods="9" conditionals="0" coveredconditionals="0" statements="176" coveredstatements="176" elements="185" coveredelements="185"/>
        </class>
        <line num="39" type="method" name="__invoke" visibility="public" complexity="2" crap="2" count="55"/>
        <line num="41" type="stmt" count="55"/>
        <line num="42" type="stmt" count="17"/>
        <line num="45" type="stmt" count="53"/>
        <line num="60" type="method" name="render" visibility="public" complexity="18" crap="18" count="65"/>
        <line num="63" type="stmt" count="65"/>
        <line num="64" type="stmt" count="51"/>
        <line num="65" type="stmt" count="65"/>
        <line num="67" type="stmt" count="26"/>
        <line num="70" type="stmt" count="26"/>
        <line num="71" type="stmt" count="26"/>
        <line num="74" type="stmt" count="26"/>
        <line num="75" type="stmt" count="51"/>
        <line num="76" type="stmt" count="1"/>
        <line num="77" type="stmt" count="1"/>
        <line num="78" type="stmt" count="1"/>
        <line num="83" type="stmt" count="64"/>
        <line num="84" type="stmt" count="13"/>
        <line num="87" type="stmt" count="64"/>
        <line num="88" type="stmt" count="64"/>
        <line num="90" type="stmt" count="58"/>
        <line num="92" type="stmt" count="58"/>
        <line num="93" type="stmt" count="58"/>
        <line num="94" type="stmt" count="8"/>
        <line num="96" type="stmt" count="8"/>
        <line num="97" type="stmt" count="8"/>
        <line num="98" type="stmt" count="8"/>
        <line num="100" type="stmt" count="8"/>
        <line num="101" type="stmt" count="8"/>
        <line num="103" type="stmt" count="8"/>
        <line num="104" type="stmt" count="3"/>
        <line num="109" type="stmt" count="58"/>
        <line num="112" type="stmt" count="57"/>
        <line num="114" type="stmt" count="57"/>
        <line num="115" type="stmt" count="57"/>
        <line num="116" type="stmt" count="6"/>
        <line num="117" type="stmt" count="2"/>
        <line num="118" type="stmt" count="2"/>
        <line num="121" type="stmt" count="4"/>
        <line num="124" type="stmt" count="4"/>
        <line num="129" type="stmt" count="57"/>
        <line num="130" type="stmt" count="57"/>
        <line num="132" type="stmt" count="57"/>
        <line num="133" type="stmt" count="8"/>
        <line num="135" type="stmt" count="8"/>
        <line num="136" type="stmt" count="8"/>
        <line num="137" type="stmt" count="8"/>
        <line num="142" type="stmt" count="57"/>
        <line num="143" type="stmt" count="2"/>
        <line num="144" type="stmt" count="2"/>
        <line num="145" type="stmt" count="2"/>
        <line num="146" type="stmt" count="2"/>
        <line num="149" type="stmt" count="2"/>
        <line num="151" type="stmt" count="2"/>
        <line num="157" type="stmt" count="57"/>
        <line num="160" type="method" name="getTooltipAttributes" visibility="protected" complexity="5" crap="5" count="57"/>
        <line num="163" type="stmt" count="57"/>
        <line num="164" type="stmt" count="57"/>
        <line num="165" type="stmt" count="55"/>
        <line num="168" type="stmt" count="2"/>
        <line num="169" type="stmt" count="2"/>
        <line num="173" type="stmt" count="2"/>
        <line num="174" type="stmt" count="2"/>
        <line num="177" type="stmt" count="2"/>
        <line num="178" type="stmt" count="1"/>
        <line num="181" type="stmt" count="2"/>
        <line num="182" type="stmt" count="1"/>
        <line num="184" type="stmt" count="2"/>
        <line num="187" type="method" name="getPopoverAttributes" visibility="protected" complexity="7" crap="7" count="58"/>
        <line num="189" type="stmt" count="58"/>
        <line num="190" type="stmt" count="58"/>
        <line num="191" type="stmt" count="53"/>
        <line num="194" type="stmt" count="5"/>
        <line num="195" type="stmt" count="2"/>
        <line num="196" type="stmt" count="3"/>
        <line num="197" type="stmt" count="1"/>
        <line num="198" type="stmt" count="1"/>
        <line num="199" type="stmt" count="1"/>
        <line num="204" type="stmt" count="4"/>
        <line num="205" type="stmt" count="4"/>
        <line num="208" type="stmt" count="4"/>
        <line num="209" type="stmt" count="1"/>
        <line num="210" type="stmt" count="1"/>
        <line num="213" type="stmt" count="4"/>
        <line num="214" type="stmt" count="1"/>
        <line num="216" type="stmt" count="4"/>
        <line num="219" type="method" name="defineButtonClasses" visibility="protected" complexity="6" crap="6" count="64"/>
        <line num="221" type="stmt" count="64"/>
        <line num="222" type="stmt" count="6"/>
        <line num="225" type="stmt" count="60"/>
        <line num="228" type="stmt" count="60"/>
        <line num="229" type="stmt" count="33"/>
        <line num="233" type="stmt" count="60"/>
        <line num="234" type="stmt" count="8"/>
        <line num="238" type="stmt" count="60"/>
        <line num="239" type="stmt" count="1"/>
        <line num="242" type="stmt" count="60"/>
        <line num="244" type="stmt" count="60"/>
        <line num="245" type="stmt" count="29"/>
        <line num="248" type="stmt" count="60"/>
        <line num="249" type="stmt" count="60"/>
        <line num="251" type="method" name="renderButtonContent" visibility="protected" complexity="9" crap="9" count="64"/>
        <line num="254" type="stmt" count="64"/>
        <line num="255" type="stmt" count="64"/>
        <line num="257" type="stmt" count="64"/>
        <line num="258" type="stmt" count="3"/>
        <line num="262" type="stmt" count="64"/>
        <line num="264" type="stmt" count="62"/>
        <line num="265" type="stmt" count="62"/>
        <line num="266" type="stmt" count="62"/>
        <line num="270" type="stmt" count="62"/>
        <line num="271" type="stmt" count="60"/>
        <line num="272" type="stmt" count="62"/>
        <line num="274" type="stmt" count="60"/>
        <line num="279" type="stmt" count="64"/>
        <line num="282" type="stmt" count="59"/>
        <line num="284" type="stmt" count="59"/>
        <line num="285" type="stmt" count="1"/>
        <line num="288" type="stmt" count="1"/>
        <line num="289" type="stmt" count="1"/>
        <line num="292" type="stmt" count="58"/>
        <line num="295" type="method" name="renderIconContent" visibility="protected" complexity="14" crap="14" count="64"/>
        <line num="298" type="stmt" count="64"/>
        <line num="299" type="stmt" count="64"/>
        <line num="300" type="stmt" count="57"/>
        <line num="304" type="stmt" count="7"/>
        <line num="306" type="stmt" count="1"/>
        <line num="307" type="stmt" count="1"/>
        <line num="309" type="stmt" count="6"/>
        <line num="310" type="stmt" count="5"/>
        <line num="311" type="stmt" count="1"/>
        <line num="314" type="stmt" count="4"/>
        <line num="315" type="stmt" count="1"/>
        <line num="316" type="stmt" count="1"/>
        <line num="317" type="stmt" count="1"/>
        <line num="318" type="stmt" count="1"/>
        <line num="319" type="stmt" count="1"/>
        <line num="323" type="stmt" count="3"/>
        <line num="324" type="stmt" count="3"/>
        <line num="325" type="stmt" count="1"/>
        <line num="326" type="stmt" count="1"/>
        <line num="327" type="stmt" count="1"/>
        <line num="328" type="stmt" count="1"/>
        <line num="329" type="stmt" count="1"/>
        <line num="332" type="stmt" count="2"/>
        <line num="333" type="stmt" count="1"/>
        <line num="334" type="stmt" count="1"/>
        <line num="335" type="stmt" count="1"/>
        <line num="336" type="stmt" count="1"/>
        <line num="337" type="stmt" count="2"/>
        <line num="342" type="stmt" count="1"/>
        <line num="343" type="stmt" count="1"/>
        <line num="344" type="stmt" count="1"/>
        <line num="349" type="stmt" count="2"/>
        <line num="351" type="stmt" count="2"/>
        <line num="353" type="stmt" count="2"/>
        <line num="354" type="stmt" count="1"/>
        <line num="356" type="stmt" count="1"/>
        <line num="358" type="stmt" count="1"/>
        <line num="360" type="stmt" count="2"/>
        <line num="363" type="method" name="renderSpinnerContent" visibility="protected" complexity="6" crap="6" count="59"/>
        <line num="366" type="stmt" count="59"/>
        <line num="367" type="stmt" count="59"/>
        <line num="368" type="stmt" count="58"/>
        <line num="371" type="stmt" count="1"/>
        <line num="372" type="stmt" count="1"/>
        <line num="374" type="stmt" count="1"/>
        <line num="375" type="stmt" count="1"/>
        <line num="377" type="stmt" count="1"/>
        <line num="378" type="stmt" count="1"/>
        <line num="380" type="stmt" count="1"/>
        <line num="381" type="stmt" count="1"/>
        <line num="382" type="stmt" count="1"/>
        <line num="386" type="stmt" count="1"/>
        <line num="388" type="stmt" count="1"/>
        <line num="390" type="stmt" count="1"/>
        <line num="391" type="stmt" count="1"/>
        <line num="393" type="stmt" count="1"/>
        <line num="395" type="stmt" count="1"/>
        <line num="397" type="stmt" count="1"/>
        <line num="406" type="method" name="getType" visibility="protected" complexity="3" crap="3" count="57"/>
        <line num="408" type="stmt" count="57"/>
        <line num="409" type="stmt" count="57"/>
        <line num="410" type="stmt" count="53"/>
        <line num="412" type="stmt" count="8"/>
        <metrics loc="414" ncloc="333" classes="1" methods="9" coveredmethods="9" conditionals="0" coveredconditionals="0" statements="176" coveredstatements="176" elements="185" coveredelements="185"/>
      </file>
      <file name="C:\Users\neilime\Documents\dev-projects\zf-twbs-helper-module\src\TwbsHelper\Form\View\Helper\FormCheckbox.php">
        <class name="TwbsHelper\Form\View\Helper\FormCheckbox" namespace="TwbsHelper\Form\View\Helper">
          <metrics complexity="3" methods="1" coveredmethods="1" conditionals="0" coveredconditionals="0" statements="5" coveredstatements="5" elements="6" coveredelements="6"/>
        </class>
        <line num="15" type="method" name="render" visibility="public" complexity="3" crap="3" count="12"/>
        <line num="17" type="stmt" count="12"/>
        <line num="18" type="stmt" count="11"/>
        <line num="20" type="stmt" count="11"/>
        <line num="21" type="stmt" count="11"/>
        <line num="24" type="stmt" count="12"/>
        <metrics loc="26" ncloc="20" classes="1" methods="1" coveredmethods="1" conditionals="0" coveredconditionals="0" statements="5" coveredstatements="5" elements="6" coveredelements="6"/>
      </file>
      <file name="C:\Users\neilime\Documents\dev-projects\zf-twbs-helper-module\src\TwbsHelper\Form\View\Helper\FormCollection.php">
        <class name="TwbsHelper\Form\View\Helper\FormCollection" namespace="TwbsHelper\Form\View\Helper">
          <metrics complexity="32" methods="3" coveredmethods="2" conditionals="0" coveredconditionals="0" statements="46" coveredstatements="40" elements="49" coveredelements="42"/>
        </class>
        <line num="33" type="method" name="__construct" visibility="public" complexity="1" crap="1" count="1"/>
        <line num="35" type="stmt" count="1"/>
        <line num="36" type="stmt" count="1"/>
        <line num="44" type="method" name="render" visibility="public" complexity="28" crap="31.09" count="3"/>
        <line num="47" type="stmt" count="3"/>
        <line num="48" type="stmt" count="0"/>
        <line num="49" type="stmt" count="0"/>
        <line num="53" type="stmt" count="3"/>
        <line num="54" type="stmt" count="0"/>
        <line num="55" type="stmt" count="0"/>
        <line num="59" type="stmt" count="3"/>
        <line num="62" type="stmt" count="3"/>
        <line num="63" type="stmt" count="1"/>
        <line num="66" type="stmt" count="3"/>
        <line num="67" type="stmt" count="3"/>
        <line num="68" type="stmt" count="0"/>
        <line num="71" type="stmt" count="3"/>
        <line num="72" type="stmt" count="0"/>
        <line num="75" type="stmt" count="3"/>
        <line num="78" type="stmt" count="3"/>
        <line num="79" type="stmt" count="3"/>
        <line num="80" type="stmt" count="3"/>
        <line num="81" type="stmt" count="3"/>
        <line num="84" type="stmt" count="3"/>
        <line num="85" type="stmt" count="3"/>
        <line num="86" type="stmt" count="2"/>
        <line num="90" type="stmt" count="3"/>
        <line num="91" type="stmt" count="3"/>
        <line num="92" type="stmt" count="2"/>
        <line num="93" type="stmt" count="2"/>
        <line num="94" type="stmt" count="2"/>
        <line num="95" type="stmt" count="2"/>
        <line num="97" type="stmt" count="2"/>
        <line num="98" type="stmt" count="2"/>
        <line num="99" type="stmt" count="2"/>
        <line num="100" type="stmt" count="2"/>
        <line num="103" type="stmt" count="3"/>
        <line num="104" type="stmt" count="2"/>
        <line num="107" type="stmt" count="3"/>
        <line num="109" type="stmt" count="3"/>
        <line num="110" type="stmt" count="2"/>
        <line num="113" type="stmt" count="3"/>
        <line num="175" type="method" name="renderTemplate" visibility="public" complexity="3" crap="3" count="2"/>
        <line num="178" type="stmt" count="2"/>
        <line num="179" type="stmt" count="2"/>
        <line num="180" type="stmt" count="2"/>
        <line num="181" type="stmt" count="2"/>
        <line num="182" type="stmt" count="2"/>
        <line num="186" type="stmt" count="2"/>
        <metrics loc="188" ncloc="145" classes="1" methods="3" coveredmethods="2" conditionals="0" coveredconditionals="0" statements="46" coveredstatements="40" elements="49" coveredelements="42"/>
      </file>
      <file name="C:\Users\neilime\Documents\dev-projects\zf-twbs-helper-module\src\TwbsHelper\Form\View\Helper\FormElement.php">
        <class name="TwbsHelper\Form\View\Helper\FormElement" namespace="TwbsHelper\Form\View\Helper">
          <metrics complexity="15" methods="3" coveredmethods="2" conditionals="0" coveredconditionals="0" statements="26" coveredstatements="22" elements="29" coveredelements="24"/>
        </class>
        <line num="30" type="method" name="__construct" visibility="public" complexity="3" crap="3" count="4"/>
        <line num="32" type="stmt" count="4"/>
        <line num="33" type="stmt" count="2"/>
        <line num="36" type="stmt" count="4"/>
        <line num="37" type="stmt" count="2"/>
        <line num="40" type="stmt" count="4"/>
        <line num="41" type="stmt" count="4"/>
        <line num="49" type="method" name="render" visibility="public" complexity="7" crap="7" count="56"/>
        <line num="52" type="stmt" count="56"/>
        <line num="54" type="stmt" count="56"/>
        <line num="57" type="stmt" count="56"/>
        <line num="58" type="stmt" count="56"/>
        <line num="59" type="stmt" count="56"/>
        <line num="61" type="stmt" count="34"/>
        <line num="64" type="stmt" count="34"/>
        <line num="65" type="stmt" count="34"/>
        <line num="66" type="stmt" count="4"/>
        <line num="69" type="stmt" count="34"/>
        <line num="72" type="stmt" count="56"/>
        <line num="75" type="stmt" count="56"/>
        <line num="85" type="method" name="renderHelper" visibility="protected" complexity="5" crap="8.12" count="56"/>
        <line num="87" type="stmt" count="56"/>
        <line num="89" type="stmt" count="56"/>
        <line num="90" type="stmt" count="0"/>
        <line num="91" type="stmt" count="0"/>
        <line num="95" type="stmt" count="56"/>
        <line num="96" type="stmt" count="0"/>
        <line num="97" type="stmt" count="0"/>
        <line num="101" type="stmt" count="56"/>
        <metrics loc="103" ncloc="73" classes="1" methods="3" coveredmethods="2" conditionals="0" coveredconditionals="0" statements="26" coveredstatements="22" elements="29" coveredelements="24"/>
      </file>
      <file name="C:\Users\neilime\Documents\dev-projects\zf-twbs-helper-module\src\TwbsHelper\Form\View\Helper\FormElementErrors.php">
        <class name="TwbsHelper\Form\View\Helper\FormElementErrors" namespace="TwbsHelper\Form\View\Helper">
          <metrics complexity="0" methods="0" coveredmethods="0" conditionals="0" coveredconditionals="0" statements="0" coveredstatements="0" elements="0" coveredelements="0"/>
        </class>
        <metrics loc="29" ncloc="17" classes="0" methods="0" coveredmethods="0" conditionals="0" coveredconditionals="0" statements="0" coveredstatements="0" elements="0" coveredelements="0"/>
      </file>
      <file name="C:\Users\neilime\Documents\dev-projects\zf-twbs-helper-module\src\TwbsHelper\Form\View\Helper\FormFile.php">
        <class name="TwbsHelper\Form\View\Helper\FormFile" namespace="TwbsHelper\Form\View\Helper">
          <metrics complexity="5" methods="1" coveredmethods="1" conditionals="0" coveredconditionals="0" statements="16" coveredstatements="16" elements="17" coveredelements="17"/>
        </class>
        <line num="15" type="method" name="render" visibility="public" complexity="5" crap="5" count="4"/>
        <line num="17" type="stmt" count="4"/>
        <line num="19" type="stmt" count="4"/>
        <line num="21" type="stmt" count="4"/>
        <line num="22" type="stmt" count="4"/>
        <line num="25" type="stmt" count="4"/>
        <line num="26" type="stmt" count="3"/>
        <line num="27" type="stmt" count="3"/>
        <line num="28" type="stmt" count="3"/>
        <line num="29" type="stmt" count="3"/>
        <line num="30" type="stmt" count="3"/>
        <line num="31" type="stmt" count="3"/>
        <line num="32" type="stmt" count="3"/>
        <line num="36" type="stmt" count="3"/>
        <line num="37" type="stmt" count="3"/>
        <line num="38" type="stmt" count="3"/>
        <line num="42" type="stmt" count="4"/>
        <metrics loc="44" ncloc="38" classes="1" methods="1" coveredmethods="1" conditionals="0" coveredconditionals="0" statements="16" coveredstatements="16" elements="17" coveredelements="17"/>
      </file>
      <file name="C:\Users\neilime\Documents\dev-projects\zf-twbs-helper-module\src\TwbsHelper\Form\View\Helper\FormLabel.php">
        <class name="TwbsHelper\Form\View\Helper\FormLabel" namespace="TwbsHelper\Form\View\Helper">
          <metrics complexity="35" methods="3" coveredmethods="0" conditionals="0" coveredconditionals="0" statements="65" coveredstatements="56" elements="68" coveredelements="56"/>
        </class>
        <line num="25" type="method" name="__invoke" visibility="public" complexity="11" crap="11.56" count="29"/>
        <line num="30" type="stmt" count="29"/>
        <line num="31" type="stmt" count="0"/>
        <line num="36" type="stmt" count="29"/>
        <line num="37" type="stmt" count="29"/>
        <line num="39" type="stmt" count="13"/>
        <line num="42" type="stmt" count="24"/>
        <line num="43" type="stmt" count="24"/>
        <line num="44" type="stmt" count="24"/>
        <line num="46" type="stmt" count="24"/>
        <line num="48" type="stmt" count="24"/>
        <line num="51" type="stmt" count="24"/>
        <line num="52" type="stmt" count="24"/>
        <line num="53" type="stmt" count="0"/>
        <line num="56" type="stmt" count="24"/>
        <line num="57" type="stmt" count="24"/>
        <line num="58" type="stmt" count="0"/>
        <line num="63" type="stmt" count="24"/>
        <line num="64" type="stmt" count="24"/>
        <line num="66" type="stmt" count="0"/>
        <line num="69" type="stmt" count="24"/>
        <line num="70" type="stmt" count="2"/>
        <line num="71" type="stmt" count="2"/>
        <line num="74" type="stmt" count="2"/>
        <line num="78" type="stmt" count="24"/>
        <line num="87" type="method" name="renderPartial" visibility="public" complexity="3" crap="12" count="0"/>
        <line num="89" type="stmt" count="0"/>
        <line num="90" type="stmt" count="0"/>
        <line num="91" type="stmt" count="0"/>
        <line num="94" type="stmt" count="0"/>
        <line num="97" type="method" name="getLabelClasses" visibility="protected" complexity="21" crap="21" count="24"/>
        <line num="99" type="stmt" count="24"/>
        <line num="101" type="stmt" count="24"/>
        <line num="104" type="stmt" count="24"/>
        <line num="106" type="stmt" count="24"/>
        <line num="107" type="stmt" count="24"/>
        <line num="108" type="stmt" count="24"/>
        <line num="110" type="stmt" count="5"/>
        <line num="111" type="stmt" count="5"/>
        <line num="112" type="stmt" count="24"/>
        <line num="115" type="stmt" count="5"/>
        <line num="119" type="stmt" count="24"/>
        <line num="120" type="stmt" count="2"/>
        <line num="123" type="stmt" count="24"/>
        <line num="124" type="stmt" count="2"/>
        <line num="127" type="stmt" count="24"/>
        <line num="128" type="stmt" count="24"/>
        <line num="129" type="stmt" count="20"/>
        <line num="130" type="stmt" count="11"/>
        <line num="131" type="stmt" count="6"/>
        <line num="132" type="stmt" count="8"/>
        <line num="133" type="stmt" count="11"/>
        <line num="135" type="stmt" count="20"/>
        <line num="136" type="stmt" count="4"/>
        <line num="137" type="stmt" count="3"/>
        <line num="139" type="stmt" count="4"/>
        <line num="143" type="stmt" count="17"/>
        <line num="144" type="stmt" count="0"/>
        <line num="147" type="stmt" count="17"/>
        <line num="150" type="stmt" count="3"/>
        <line num="151" type="stmt" count="2"/>
        <line num="153" type="stmt" count="3"/>
        <line num="156" type="stmt" count="5"/>
        <line num="157" type="stmt" count="5"/>
        <line num="159" type="stmt" count="11"/>
        <line num="160" type="stmt" count="2"/>
        <line num="162" type="stmt" count="11"/>
        <line num="165" type="stmt" count="24"/>
        <metrics loc="167" ncloc="135" classes="1" methods="3" coveredmethods="0" conditionals="0" coveredconditionals="0" statements="65" coveredstatements="56" elements="68" coveredelements="56"/>
      </file>
      <file name="C:\Users\neilime\Documents\dev-projects\zf-twbs-helper-module\src\TwbsHelper\Form\View\Helper\FormMultiCheckbox.php">
        <class name="TwbsHelper\Form\View\Helper\FormMultiCheckbox" namespace="TwbsHelper\Form\View\Helper">
          <metrics complexity="0" methods="0" coveredmethods="0" conditionals="0" coveredconditionals="0" statements="0" coveredstatements="0" elements="0" coveredelements="0"/>
        </class>
        <metrics loc="8" ncloc="8" classes="0" methods="0" coveredmethods="0" conditionals="0" coveredconditionals="0" statements="0" coveredstatements="0" elements="0" coveredelements="0"/>
      </file>
      <file name="C:\Users\neilime\Documents\dev-projects\zf-twbs-helper-module\src\TwbsHelper\Form\View\Helper\FormRadio.php">
        <class name="TwbsHelper\Form\View\Helper\FormRadio" namespace="TwbsHelper\Form\View\Helper">
          <metrics complexity="0" methods="0" coveredmethods="0" conditionals="0" coveredconditionals="0" statements="0" coveredstatements="0" elements="0" coveredelements="0"/>
        </class>
        <metrics loc="8" ncloc="8" classes="0" methods="0" coveredmethods="0" conditionals="0" coveredconditionals="0" statements="0" coveredstatements="0" elements="0" coveredelements="0"/>
      </file>
      <file name="C:\Users\neilime\Documents\dev-projects\zf-twbs-helper-module\src\TwbsHelper\Form\View\Helper\FormRange.php">
        <class name="TwbsHelper\Form\View\Helper\FormRange" namespace="TwbsHelper\Form\View\Helper">
          <metrics complexity="2" methods="1" coveredmethods="1" conditionals="0" coveredconditionals="0" statements="5" coveredstatements="5" elements="6" coveredelements="6"/>
        </class>
        <line num="15" type="method" name="render" visibility="public" complexity="2" crap="2" count="2"/>
        <line num="17" type="stmt" count="2"/>
        <line num="19" type="stmt" count="2"/>
        <line num="21" type="stmt" count="2"/>
        <line num="22" type="stmt" count="2"/>
        <line num="24" type="stmt" count="2"/>
        <metrics loc="26" ncloc="20" classes="1" methods="1" coveredmethods="1" conditionals="0" coveredconditionals="0" statements="5" coveredstatements="5" elements="6" coveredelements="6"/>
      </file>
      <file name="C:\Users\neilime\Documents\dev-projects\zf-twbs-helper-module\src\TwbsHelper\Form\View\Helper\FormRow.php">
        <class name="TwbsHelper\Form\View\Helper\FormRow" namespace="TwbsHelper\Form\View\Helper">
          <metrics complexity="73" methods="10" coveredmethods="3" conditionals="0" coveredconditionals="0" statements="170" coveredstatements="131" elements="180" coveredelements="134"/>
        </class>
        <line num="26" type="method" name="__construct" visibility="public" complexity="1" crap="1" count="1"/>
        <line num="28" type="stmt" count="1"/>
        <line num="29" type="stmt" count="1"/>
        <line num="36" type="method" name="render" visibility="public" complexity="12" crap="30.00" count="44"/>
        <line num="39" type="stmt" count="44"/>
        <line num="42" type="stmt" count="44"/>
        <line num="43" type="stmt" count="0"/>
        <line num="47" type="stmt" count="44"/>
        <line num="50" type="stmt" count="44"/>
        <line num="51" type="stmt" count="0"/>
        <line num="52" type="stmt" count="0"/>
        <line num="54" type="stmt" count="0"/>
        <line num="55" type="stmt" count="0"/>
        <line num="56" type="stmt" count="0"/>
        <line num="57" type="stmt" count="0"/>
        <line num="58" type="stmt" count="0"/>
        <line num="64" type="stmt" count="44"/>
        <line num="66" type="stmt" count="0"/>
        <line num="67" type="stmt" count="0"/>
        <line num="68" type="stmt" count="0"/>
        <line num="69" type="stmt" count="0"/>
        <line num="72" type="stmt" count="0"/>
        <line num="78" type="stmt" count="44"/>
        <line num="81" type="stmt" count="44"/>
        <line num="83" type="stmt" count="44"/>
        <line num="85" type="stmt" count="24"/>
        <line num="87" type="stmt" count="21"/>
        <line num="88" type="stmt" count="21"/>
        <line num="89" type="stmt" count="30"/>
        <line num="92" type="stmt" count="18"/>
        <line num="100" type="method" name="renderFormRow" visibility="public" complexity="14" crap="16.49" count="18"/>
        <line num="102" type="stmt" count="18"/>
        <line num="104" type="stmt" count="18"/>
        <line num="105" type="stmt" count="0"/>
        <line num="108" type="stmt" count="18"/>
        <line num="109" type="stmt" count="0"/>
        <line num="113" type="stmt" count="18"/>
        <line num="114" type="stmt" count="18"/>
        <line num="115" type="stmt" count="12"/>
        <line num="116" type="stmt" count="5"/>
        <line num="118" type="stmt" count="7"/>
        <line num="119" type="stmt" count="7"/>
        <line num="120" type="stmt" count="7"/>
        <line num="126" type="stmt" count="18"/>
        <line num="127" type="stmt" count="3"/>
        <line num="130" type="stmt" count="18"/>
        <line num="131" type="stmt" count="18"/>
        <line num="135" type="stmt" count="18"/>
        <line num="136" type="stmt" count="7"/>
        <line num="138" type="stmt" count="7"/>
        <line num="139" type="stmt" count="7"/>
        <line num="144" type="stmt" count="18"/>
        <line num="145" type="stmt" count="0"/>
        <line num="146" type="stmt" count="0"/>
        <line num="150" type="stmt" count="18"/>
        <line num="151" type="stmt" count="0"/>
        <line num="152" type="stmt" count="0"/>
        <line num="157" type="stmt" count="18"/>
        <line num="158" type="stmt" count="0"/>
        <line num="162" type="stmt" count="18"/>
        <line num="163" type="stmt" count="18"/>
        <line num="175" type="method" name="renderElement" visibility="protected" complexity="12" crap="12" count="44"/>
        <line num="178" type="stmt" count="44"/>
        <line num="181" type="stmt" count="44"/>
        <line num="183" type="stmt" count="44"/>
        <line num="185" type="stmt" count="44"/>
        <line num="186" type="stmt" count="44"/>
        <line num="187" type="stmt" count="44"/>
        <line num="189" type="stmt" count="2"/>
        <line num="190" type="stmt" count="2"/>
        <line num="193" type="stmt" count="2"/>
        <line num="197" type="stmt" count="44"/>
        <line num="199" type="stmt" count="14"/>
        <line num="201" type="stmt" count="42"/>
        <line num="202" type="stmt" count="42"/>
        <line num="207" type="stmt" count="42"/>
        <line num="208" type="stmt" count="5"/>
        <line num="210" type="stmt" count="5"/>
        <line num="215" type="stmt" count="5"/>
        <line num="217" type="stmt" count="0"/>
        <line num="220" type="stmt" count="44"/>
        <line num="221" type="stmt" count="44"/>
        <line num="222" type="stmt" count="44"/>
        <line num="225" type="stmt" count="44"/>
        <line num="226" type="stmt" count="42"/>
        <line num="230" type="stmt" count="5"/>
        <line num="231" type="stmt" count="5"/>
        <line num="232" type="stmt" count="5"/>
        <line num="234" type="stmt" count="5"/>
        <line num="235" type="stmt" count="2"/>
        <line num="239" type="stmt" count="5"/>
        <line num="240" type="stmt" count="5"/>
        <line num="241" type="stmt" count="5"/>
        <line num="245" type="stmt" count="5"/>
        <line num="246" type="stmt" count="2"/>
        <line num="249" type="stmt" count="5"/>
        <line num="261" type="method" name="renderLabel" visibility="protected" complexity="4" crap="4" count="44"/>
        <line num="267" type="stmt" count="44"/>
        <line num="268" type="stmt" count="27"/>
        <line num="271" type="stmt" count="25"/>
        <line num="273" type="stmt" count="25"/>
        <line num="274" type="stmt" count="13"/>
        <line num="277" type="stmt" count="20"/>
        <line num="279" type="stmt" count="20"/>
        <line num="280" type="stmt" count="11"/>
        <line num="281" type="stmt" count="20"/>
        <line num="284" type="method" name="getDefaultLabelPosition" visibility="protected" complexity="8" crap="8.63" count="20"/>
        <line num="287" type="stmt" count="20"/>
        <line num="288" type="stmt" count="20"/>
        <line num="289" type="stmt" count="20"/>
        <line num="290" type="stmt" count="0"/>
        <line num="294" type="stmt" count="20"/>
        <line num="295" type="stmt" count="20"/>
        <line num="296" type="stmt" count="16"/>
        <line num="297" type="stmt" count="11"/>
        <line num="298" type="stmt" count="16"/>
        <line num="299" type="stmt" count="1"/>
        <line num="300" type="stmt" count="0"/>
        <line num="304" type="stmt" count="16"/>
        <line num="305" type="stmt" count="16"/>
        <line num="307" type="stmt" count="0"/>
        <line num="317" type="method" name="renderHelpBlock" visibility="protected" complexity="11" crap="15.02" count="44"/>
        <line num="319" type="stmt" count="44"/>
        <line num="320" type="stmt" count="44"/>
        <line num="321" type="stmt" count="43"/>
        <line num="324" type="stmt" count="2"/>
        <line num="325" type="stmt" count="2"/>
        <line num="326" type="stmt" count="0"/>
        <line num="327" type="stmt" count="2"/>
        <line num="328" type="stmt" count="2"/>
        <line num="329" type="stmt" count="0"/>
        <line num="330" type="stmt" count="0"/>
        <line num="333" type="stmt" count="2"/>
        <line num="334" type="stmt" count="2"/>
        <line num="335" type="stmt" count="0"/>
        <line num="336" type="stmt" count="0"/>
        <line num="337" type="stmt" count="0"/>
        <line num="340" type="stmt" count="2"/>
        <line num="341" type="stmt" count="2"/>
        <line num="344" type="stmt" count="0"/>
        <line num="345" type="stmt" count="0"/>
        <line num="346" type="stmt" count="0"/>
        <line num="349" type="stmt" count="2"/>
        <line num="350" type="stmt" count="2"/>
        <line num="353" type="stmt" count="2"/>
        <line num="354" type="stmt" count="2"/>
        <line num="355" type="stmt" count="2"/>
        <line num="358" type="stmt" count="2"/>
        <line num="359" type="stmt" count="2"/>
        <line num="360" type="stmt" count="2"/>
        <line num="371" type="method" name="renderErrors" visibility="protected" complexity="3" crap="3.07" count="44"/>
        <line num="373" type="stmt" count="44"/>
        <line num="374" type="stmt" count="44"/>
        <line num="375" type="stmt" count="44"/>
        <line num="376" type="stmt" count="0"/>
        <line num="379" type="stmt" count="44"/>
        <line num="389" type="method" name="renderFeedback" visibility="protected" complexity="4" crap="7.91" count="44"/>
        <line num="391" type="stmt" count="44"/>
        <line num="392" type="stmt" count="44"/>
        <line num="393" type="stmt" count="0"/>
        <line num="394" type="stmt" count="0"/>
        <line num="395" type="stmt" count="0"/>
        <line num="396" type="stmt" count="0"/>
        <line num="399" type="stmt" count="0"/>
        <line num="401" type="stmt" count="44"/>
        <line num="411" type="method" name="renderDedicatedContainer" visibility="protected" complexity="4" crap="4" count="44"/>
        <line num="415" type="stmt" count="44"/>
        <line num="416" type="stmt" count="44"/>
        <line num="417" type="stmt" count="11"/>
        <line num="420" type="stmt" count="6"/>
        <line num="421" type="stmt" count="6"/>
        <line num="423" type="stmt" count="1"/>
        <line num="425" type="stmt" count="6"/>
        <line num="428" type="stmt" count="11"/>
        <line num="430" type="stmt" count="11"/>
        <line num="431" type="stmt" count="11"/>
        <line num="432" type="stmt" count="11"/>
        <line num="433" type="stmt" count="11"/>
        <line num="438" type="stmt" count="11"/>
        <line num="440" type="stmt" count="44"/>
        <metrics loc="442" ncloc="331" classes="1" methods="10" coveredmethods="3" conditionals="0" coveredconditionals="0" statements="170" coveredstatements="131" elements="180" coveredelements="134"/>
      </file>
      <file name="C:\Users\neilime\Documents\dev-projects\zf-twbs-helper-module\src\TwbsHelper\Form\View\Helper\FormSelect.php">
        <class name="TwbsHelper\Form\View\Helper\FormSelect" namespace="TwbsHelper\Form\View\Helper">
          <metrics complexity="6" methods="2" coveredmethods="2" conditionals="0" coveredconditionals="0" statements="10" coveredstatements="10" elements="12" coveredelements="12"/>
        </class>
        <line num="17" type="method" name="render" visibility="public" complexity="4" crap="4" count="7"/>
        <line num="19" type="stmt" count="7"/>
        <line num="20" type="stmt" count="5"/>
        <line num="23" type="stmt" count="7"/>
        <line num="24" type="stmt" count="2"/>
        <line num="26" type="stmt" count="2"/>
        <line num="30" type="stmt" count="7"/>
        <line num="51" type="method" name="renderOptions" visibility="public" complexity="2" crap="2" count="7"/>
        <line num="53" type="stmt" count="7"/>
        <line num="54" type="stmt" count="7"/>
        <line num="55" type="stmt" count="7"/>
        <line num="58" type="stmt" count="7"/>
        <metrics loc="60" ncloc="34" classes="1" methods="2" coveredmethods="2" conditionals="0" coveredconditionals="0" statements="10" coveredstatements="10" elements="12" coveredelements="12"/>
      </file>
      <file name="C:\Users\neilime\Documents\dev-projects\zf-twbs-helper-module\src\TwbsHelper\Form\View\Helper\MultiCheckboxTrait.php">
        <class name="MultiCheckboxTrait" namespace="TwbsHelper\Form\View\Helper">
          <metrics complexity="19" methods="3" coveredmethods="2" conditionals="0" coveredconditionals="0" statements="48" coveredstatements="47" elements="51" coveredelements="49"/>
        </class>
        <line num="15" type="method" name="render" visibility="public" complexity="7" crap="7" count="9"/>
        <line num="18" type="stmt" count="9"/>
        <line num="19" type="stmt" count="9"/>
        <line num="21" type="stmt" count="9"/>
        <line num="22" type="stmt" count="9"/>
        <line num="23" type="stmt" count="9"/>
        <line num="25" type="stmt" count="9"/>
        <line num="26" type="stmt" count="9"/>
        <line num="28" type="stmt" count="9"/>
        <line num="31" type="stmt" count="9"/>
        <line num="32" type="stmt" count="9"/>
        <line num="34" type="stmt" count="9"/>
        <line num="36" type="stmt" count="9"/>
        <line num="38" type="stmt" count="9"/>
        <line num="39" type="stmt" count="9"/>
        <line num="40" type="stmt" count="9"/>
        <line num="41" type="stmt" count="2"/>
        <line num="44" type="stmt" count="9"/>
        <line num="46" type="stmt" count="9"/>
        <line num="50" type="stmt" count="9"/>
        <line num="53" type="method" name="prepareElement" visibility="protected" complexity="7" crap="7" count="9"/>
        <line num="55" type="stmt" count="9"/>
        <line num="56" type="stmt" count="1"/>
        <line num="59" type="stmt" count="8"/>
        <line num="61" type="stmt" count="8"/>
        <line num="63" type="stmt" count="8"/>
        <line num="64" type="stmt" count="8"/>
        <line num="68" type="stmt" count="8"/>
        <line num="69" type="stmt" count="8"/>
        <line num="70" type="stmt" count="8"/>
        <line num="71" type="stmt" count="0"/>
        <line num="74" type="stmt" count="8"/>
        <line num="75" type="stmt" count="1"/>
        <line num="76" type="stmt" count="1"/>
        <line num="77" type="stmt" count="1"/>
        <line num="81" type="stmt" count="8"/>
        <line num="82" type="stmt" count="8"/>
        <line num="83" type="stmt" count="8"/>
        <line num="85" type="stmt" count="8"/>
        <line num="90" type="stmt" count="8"/>
        <line num="91" type="stmt" count="8"/>
        <line num="93" type="method" name="renderElementOption" visibility="protected" complexity="5" crap="5" count="9"/>
        <line num="96" type="stmt" count="9"/>
        <line num="97" type="stmt" count="1"/>
        <line num="100" type="stmt" count="8"/>
        <line num="101" type="stmt" count="8"/>
        <line num="103" type="stmt" count="8"/>
        <line num="104" type="stmt" count="2"/>
        <line num="106" type="stmt" count="8"/>
        <line num="107" type="stmt" count="8"/>
        <line num="108" type="stmt" count="8"/>
        <metrics loc="112" ncloc="100" classes="1" methods="3" coveredmethods="2" conditionals="0" coveredconditionals="0" statements="48" coveredstatements="47" elements="51" coveredelements="49"/>
      </file>
    </package>
    <package name="TwbsHelper">
      <file name="C:\Users\neilime\Documents\dev-projects\zf-twbs-helper-module\src\TwbsHelper\Module.php">
        <class name="TwbsHelper\Module" namespace="TwbsHelper">
          <metrics complexity="1" methods="1" coveredmethods="1" conditionals="0" coveredconditionals="0" statements="1" coveredstatements="1" elements="2" coveredelements="2"/>
        </class>
        <line num="14" type="method" name="getConfig" visibility="public" complexity="1" crap="1" count="1"/>
        <line num="16" type="stmt" count="1"/>
        <metrics loc="18" ncloc="13" classes="1" methods="1" coveredmethods="1" conditionals="0" coveredconditionals="0" statements="1" coveredstatements="1" elements="2" coveredelements="2"/>
      </file>
    </package>
    <package name="TwbsHelper\Navigation\Page">
      <file name="C:\Users\neilime\Documents\dev-projects\zf-twbs-helper-module\src\TwbsHelper\Navigation\Page\DropdownPage.php">
        <class name="TwbsHelper\Navigation\Page\DropdownPage" namespace="TwbsHelper\Navigation\Page">
          <metrics complexity="3" methods="3" coveredmethods="2" conditionals="0" coveredconditionals="0" statements="4" coveredstatements="3" elements="7" coveredelements="5"/>
        </class>
        <line num="14" type="method" name="getDropdown" visibility="public" complexity="1" crap="1" count="4"/>
        <line num="16" type="stmt" count="4"/>
        <line num="19" type="method" name="setDropdown" visibility="public" complexity="1" crap="1" count="4"/>
        <line num="21" type="stmt" count="4"/>
        <line num="22" type="stmt" count="4"/>
        <line num="25" type="method" name="getHref" visibility="public" complexity="1" crap="2" count="0"/>
        <line num="27" type="stmt" count="0"/>
        <metrics loc="29" ncloc="24" classes="1" methods="3" coveredmethods="2" conditionals="0" coveredconditionals="0" statements="4" coveredstatements="3" elements="7" coveredelements="5"/>
      </file>
    </package>
    <package name="TwbsHelper\Options\Factory">
      <file name="C:\Users\neilime\Documents\dev-projects\zf-twbs-helper-module\src\TwbsHelper\Options\Factory\ModuleOptionsFactory.php">
        <class name="TwbsHelper\Options\Factory\ModuleOptionsFactory" namespace="TwbsHelper\Options\Factory">
          <metrics complexity="3" methods="3" coveredmethods="3" conditionals="0" coveredconditionals="0" statements="3" coveredstatements="3" elements="6" coveredelements="6"/>
        </class>
        <line num="25" type="method" name="createService" visibility="public" complexity="1" crap="1" count="1"/>
        <line num="27" type="stmt" count="1"/>
        <line num="40" type="method" name="__invoke" visibility="public" complexity="1" crap="1" count="1"/>
        <line num="42" type="stmt" count="1"/>
        <line num="53" type="method" name="createServiceWithConfig" visibility="protected" complexity="1" crap="1" count="2"/>
        <line num="55" type="stmt" count="2"/>
        <metrics loc="57" ncloc="29" classes="1" methods="3" coveredmethods="3" conditionals="0" coveredconditionals="0" statements="3" coveredstatements="3" elements="6" coveredelements="6"/>
      </file>
    </package>
    <package name="TwbsHelper\Options">
      <file name="C:\Users\neilime\Documents\dev-projects\zf-twbs-helper-module\src\TwbsHelper\Options\ModuleOptions.php">
        <class name="TwbsHelper\Options\ModuleOptions" namespace="TwbsHelper\Options">
          <metrics complexity="10" methods="10" coveredmethods="10" conditionals="0" coveredconditionals="0" statements="15" coveredstatements="15" elements="25" coveredelements="25"/>
        </class>
        <line num="38" type="method" name="getIgnoredViewHelpers" visibility="public" complexity="1" crap="1" count="56"/>
        <line num="40" type="stmt" count="56"/>
        <line num="51" type="method" name="setIgnoredViewHelpers" visibility="public" complexity="1" crap="1" count="2"/>
        <line num="53" type="stmt" count="2"/>
        <line num="55" type="stmt" count="2"/>
        <line num="65" type="method" name="getValidTagAttributes" visibility="public" complexity="1" crap="1" count="57"/>
        <line num="67" type="stmt" count="57"/>
        <line num="78" type="method" name="setValidTagAttributes" visibility="public" complexity="1" crap="1" count="2"/>
        <line num="80" type="stmt" count="2"/>
        <line num="82" type="stmt" count="2"/>
        <line num="92" type="method" name="getValidTagAttributePrefixes" visibility="public" complexity="1" crap="1" count="57"/>
        <line num="94" type="stmt" count="57"/>
        <line num="105" type="method" name="setValidTagAttributePrefixes" visibility="public" complexity="1" crap="1" count="2"/>
        <line num="107" type="stmt" count="2"/>
        <line num="109" type="stmt" count="2"/>
        <line num="119" type="method" name="getClassMap" visibility="public" complexity="1" crap="1" count="4"/>
        <line num="121" type="stmt" count="4"/>
        <line num="132" type="method" name="setClassMap" visibility="public" complexity="1" crap="1" count="2"/>
        <line num="134" type="stmt" count="2"/>
        <line num="136" type="stmt" count="2"/>
        <line num="146" type="method" name="getTypeMap" visibility="public" complexity="1" crap="1" count="4"/>
        <line num="148" type="stmt" count="4"/>
        <line num="159" type="method" name="setTypeMap" visibility="public" complexity="1" crap="1" count="2"/>
        <line num="161" type="stmt" count="2"/>
        <line num="163" type="stmt" count="2"/>
        <metrics loc="165" ncloc="84" classes="1" methods="10" coveredmethods="10" conditionals="0" coveredconditionals="0" statements="15" coveredstatements="15" elements="25" coveredelements="25"/>
      </file>
    </package>
    <package name="TwbsHelper\View\Helper">
      <file name="C:\Users\neilime\Documents\dev-projects\zf-twbs-helper-module\src\TwbsHelper\View\Helper\Abbreviation.php">
        <class name="TwbsHelper\View\Helper\Abbreviation" namespace="TwbsHelper\View\Helper">
          <metrics complexity="3" methods="1" coveredmethods="1" conditionals="0" coveredconditionals="0" statements="5" coveredstatements="5" elements="6" coveredelements="6"/>
        </class>
        <line num="22" type="method" name="__invoke" visibility="public" complexity="3" crap="3" count="2"/>
        <line num="30" type="stmt" count="2"/>
        <line num="31" type="stmt" count="2"/>
        <line num="34" type="stmt" count="2"/>
        <line num="35" type="stmt" count="2"/>
        <line num="38" type="stmt" count="2"/>
        <metrics loc="40" ncloc="26" classes="1" methods="1" coveredmethods="1" conditionals="0" coveredconditionals="0" statements="5" coveredstatements="5" elements="6" coveredelements="6"/>
      </file>
      <file name="C:\Users\neilime\Documents\dev-projects\zf-twbs-helper-module\src\TwbsHelper\View\Helper\AbstractGroup.php">
        <class name="TwbsHelper\View\Helper\AbstractGroup" namespace="TwbsHelper\View\Helper">
          <metrics complexity="6" methods="3" coveredmethods="3" conditionals="0" coveredconditionals="0" statements="14" coveredstatements="14" elements="17" coveredelements="17"/>
        </class>
        <line num="21" type="method" name="__invoke" visibility="public" complexity="1" crap="1" count="4"/>
        <line num="23" type="stmt" count="4"/>
        <line num="24" type="stmt" count="4"/>
        <line num="25" type="stmt" count="4"/>
        <line num="26" type="stmt" count="4"/>
        <line num="31" type="method" name="renderGroupItems" visibility="protected" complexity="4" crap="4" count="4"/>
        <line num="33" type="stmt" count="4"/>
        <line num="35" type="stmt" count="4"/>
        <line num="37" type="stmt" count="4"/>
        <line num="38" type="stmt" count="4"/>
        <line num="39" type="stmt" count="1"/>
        <line num="40" type="stmt" count="4"/>
        <line num="42" type="stmt" count="4"/>
        <line num="43" type="stmt" count="4"/>
        <line num="47" type="stmt" count="4"/>
        <line num="50" type="method" name="renderGroupItem" visibility="protected" complexity="1" crap="1" count="4"/>
        <line num="54" type="stmt" count="4"/>
        <metrics loc="56" ncloc="46" classes="1" methods="3" coveredmethods="3" conditionals="0" coveredconditionals="0" statements="14" coveredstatements="14" elements="17" coveredelements="17"/>
      </file>
      <file name="C:\Users\neilime\Documents\dev-projects\zf-twbs-helper-module\src\TwbsHelper\View\Helper\AbstractHtmlElement.php">
        <class name="TwbsHelper\View\Helper\AbstractHtmlElement" namespace="TwbsHelper\View\Helper">
          <metrics complexity="0" methods="0" coveredmethods="0" conditionals="0" coveredconditionals="0" statements="0" coveredstatements="0" elements="0" coveredelements="0"/>
        </class>
        <metrics loc="11" ncloc="11" classes="0" methods="0" coveredmethods="0" conditionals="0" coveredconditionals="0" statements="0" coveredstatements="0" elements="0" coveredelements="0"/>
      </file>
      <file name="C:\Users\neilime\Documents\dev-projects\zf-twbs-helper-module\src\TwbsHelper\View\Helper\Alert.php">
        <class name="TwbsHelper\View\Helper\Alert" namespace="TwbsHelper\View\Helper">
          <metrics complexity="8" methods="1" coveredmethods="0" conditionals="0" coveredconditionals="0" statements="28" coveredstatements="27" elements="29" coveredelements="27"/>
        </class>
        <line num="19" type="method" name="__invoke" visibility="public" complexity="8" crap="8" count="5"/>
        <line num="25" type="stmt" count="5"/>
        <line num="26" type="stmt" count="0"/>
        <line num="27" type="stmt" count="5"/>
        <line num="29" type="stmt" count="2"/>
        <line num="33" type="stmt" count="5"/>
        <line num="34" type="stmt" count="5"/>
        <line num="35" type="stmt" count="5"/>
        <line num="37" type="stmt" count="5"/>
        <line num="39" type="stmt" count="5"/>
        <line num="42" type="stmt" count="5"/>
        <line num="43" type="stmt" count="5"/>
        <line num="44" type="stmt" count="5"/>
        <line num="45" type="stmt" count="1"/>
        <line num="46" type="stmt" count="1"/>
        <line num="47" type="stmt" count="1"/>
        <line num="49" type="stmt" count="1"/>
        <line num="53" type="stmt" count="5"/>
        <line num="54" type="stmt" count="5"/>
        <line num="55" type="stmt" count="5"/>
        <line num="56" type="stmt" count="1"/>
        <line num="57" type="stmt" count="1"/>
        <line num="58" type="stmt" count="1"/>
        <line num="59" type="stmt" count="1"/>
        <line num="60" type="stmt" count="1"/>
        <line num="65" type="stmt" count="5"/>
        <line num="66" type="stmt" count="5"/>
        <line num="67" type="stmt" count="5"/>
        <line num="69" type="stmt" count="5"/>
        <metrics loc="71" ncloc="56" classes="1" methods="1" coveredmethods="0" conditionals="0" coveredconditionals="0" statements="28" coveredstatements="27" elements="29" coveredelements="27"/>
      </file>
      <file name="C:\Users\neilime\Documents\dev-projects\zf-twbs-helper-module\src\TwbsHelper\View\Helper\Badge.php">
        <class name="TwbsHelper\View\Helper\Badge" namespace="TwbsHelper\View\Helper">
          <metrics complexity="5" methods="1" coveredmethods="1" conditionals="0" coveredconditionals="0" statements="22" coveredstatements="22" elements="23" coveredelements="23"/>
        </class>
        <line num="24" type="method" name="__invoke" visibility="public" complexity="5" crap="5" count="6"/>
        <line num="30" type="stmt" count="6"/>
        <line num="31" type="stmt" count="1"/>
        <line num="32" type="stmt" count="6"/>
        <line num="34" type="stmt" count="2"/>
        <line num="38" type="stmt" count="6"/>
        <line num="39" type="stmt" count="6"/>
        <line num="40" type="stmt" count="6"/>
        <line num="42" type="stmt" count="6"/>
        <line num="46" type="stmt" count="6"/>
        <line num="47" type="stmt" count="6"/>
        <line num="50" type="stmt" count="6"/>
        <line num="51" type="stmt" count="6"/>
        <line num="52" type="stmt" count="6"/>
        <line num="54" type="stmt" count="6"/>
        <line num="55" type="stmt" count="2"/>
        <line num="56" type="stmt" count="2"/>
        <line num="58" type="stmt" count="4"/>
        <line num="59" type="stmt" count="1"/>
        <line num="60" type="stmt" count="1"/>
        <line num="63" type="stmt" count="6"/>
        <line num="64" type="stmt" count="6"/>
        <line num="65" type="stmt" count="6"/>
        <metrics loc="70" ncloc="56" classes="1" methods="1" coveredmethods="1" conditionals="0" coveredconditionals="0" statements="22" coveredstatements="22" elements="23" coveredelements="23"/>
      </file>
      <file name="C:\Users\neilime\Documents\dev-projects\zf-twbs-helper-module\src\TwbsHelper\View\Helper\Blockquote.php">
        <class name="TwbsHelper\View\Helper\Blockquote" namespace="TwbsHelper\View\Helper">
          <metrics complexity="2" methods="1" coveredmethods="1" conditionals="0" coveredconditionals="0" statements="11" coveredstatements="11" elements="12" coveredelements="12"/>
        </class>
        <line num="22" type="method" name="__invoke" visibility="public" complexity="2" crap="2" count="8"/>
        <line num="32" type="stmt" count="8"/>
        <line num="33" type="stmt" count="8"/>
        <line num="34" type="stmt" count="8"/>
        <line num="40" type="stmt" count="8"/>
        <line num="41" type="stmt" count="7"/>
        <line num="42" type="stmt" count="7"/>
        <line num="45" type="stmt" count="8"/>
        <line num="47" type="stmt" count="8"/>
        <line num="48" type="stmt" count="8"/>
        <line num="49" type="stmt" count="8"/>
        <line num="50" type="stmt" count="8"/>
        <metrics loc="54" ncloc="36" classes="1" methods="1" coveredmethods="1" conditionals="0" coveredconditionals="0" statements="11" coveredstatements="11" elements="12" coveredelements="12"/>
      </file>
      <file name="C:\Users\neilime\Documents\dev-projects\zf-twbs-helper-module\src\TwbsHelper\View\Helper\ButtonGroup.php">
        <class name="TwbsHelper\View\Helper\ButtonGroup" namespace="TwbsHelper\View\Helper">
          <metrics complexity="30" methods="5" coveredmethods="5" conditionals="0" coveredconditionals="0" statements="58" coveredstatements="58" elements="63" coveredelements="63"/>
        </class>
        <line num="24" type="method" name="__invoke" visibility="public" complexity="2" crap="2" count="8"/>
        <line num="26" type="stmt" count="8"/>
        <line num="37" type="method" name="render" visibility="public" complexity="5" crap="5" count="9"/>
        <line num="40" type="stmt" count="9"/>
        <line num="43" type="stmt" count="9"/>
        <line num="44" type="stmt" count="1"/>
        <line num="47" type="stmt" count="9"/>
        <line num="48" type="stmt" count="9"/>
        <line num="52" type="stmt" count="9"/>
        <line num="54" type="stmt" count="9"/>
        <line num="58" type="stmt" count="8"/>
        <line num="60" type="stmt" count="8"/>
        <line num="61" type="stmt" count="2"/>
        <line num="62" type="stmt" count="2"/>
        <line num="64" type="stmt" count="2"/>
        <line num="65" type="stmt" count="2"/>
        <line num="68" type="stmt" count="2"/>
        <line num="69" type="stmt" count="2"/>
        <line num="70" type="stmt" count="2"/>
        <line num="75" type="stmt" count="8"/>
        <line num="84" type="method" name="renderButtons" visibility="protected" complexity="12" crap="12" count="9"/>
        <line num="86" type="stmt" count="9"/>
        <line num="87" type="stmt" count="9"/>
        <line num="89" type="stmt" count="9"/>
        <line num="90" type="stmt" count="8"/>
        <line num="91" type="stmt" count="9"/>
        <line num="93" type="stmt" count="2"/>
        <line num="94" type="stmt" count="2"/>
        <line num="95" type="stmt" count="8"/>
        <line num="96" type="stmt" count="1"/>
        <line num="97" type="stmt" count="1"/>
        <line num="98" type="stmt" count="1"/>
        <line num="102" type="stmt" count="8"/>
        <line num="103" type="stmt" count="8"/>
        <line num="104" type="stmt" count="2"/>
        <line num="105" type="stmt" count="2"/>
        <line num="107" type="stmt" count="2"/>
        <line num="108" type="stmt" count="2"/>
        <line num="110" type="stmt" count="8"/>
        <line num="112" type="stmt" count="8"/>
        <line num="113" type="stmt" count="2"/>
        <line num="116" type="stmt" count="8"/>
        <line num="119" type="stmt" count="8"/>
        <line num="125" type="method" name="getFormElementHelper" visibility="public" complexity="3" crap="3" count="9"/>
        <line num="127" type="stmt" count="9"/>
        <line num="128" type="stmt" count="8"/>
        <line num="131" type="stmt" count="2"/>
        <line num="132" type="stmt" count="1"/>
        <line num="135" type="stmt" count="1"/>
        <line num="136" type="stmt" count="1"/>
        <line num="146" type="method" name="getButtonGroupOptions" visibility="public" complexity="8" crap="8" count="3"/>
        <line num="149" type="stmt" count="3"/>
        <line num="150" type="stmt" count="3"/>
        <line num="151" type="stmt" count="3"/>
        <line num="152" type="stmt" count="3"/>
        <line num="154" type="stmt" count="2"/>
        <line num="155" type="stmt" count="2"/>
        <line num="157" type="stmt" count="2"/>
        <line num="158" type="stmt" count="2"/>
        <line num="160" type="stmt" count="2"/>
        <line num="162" type="stmt" count="2"/>
        <line num="164" type="stmt" count="2"/>
        <line num="166" type="stmt" count="1"/>
        <metrics loc="168" ncloc="126" classes="1" methods="5" coveredmethods="5" conditionals="0" coveredconditionals="0" statements="58" coveredstatements="58" elements="63" coveredelements="63"/>
      </file>
      <file name="C:\Users\neilime\Documents\dev-projects\zf-twbs-helper-module\src\TwbsHelper\View\Helper\ButtonToolbar.php">
        <class name="TwbsHelper\View\Helper\ButtonToolbar" namespace="TwbsHelper\View\Helper">
          <metrics complexity="17" methods="6" coveredmethods="6" conditionals="0" coveredconditionals="0" statements="31" coveredstatements="31" elements="37" coveredelements="37"/>
        </class>
        <line num="26" type="method" name="__invoke" visibility="public" complexity="2" crap="2" count="2"/>
        <line num="28" type="stmt" count="2"/>
        <line num="39" type="method" name="render" visibility="public" complexity="1" crap="1" count="3"/>
        <line num="42" type="stmt" count="3"/>
        <line num="43" type="stmt" count="3"/>
        <line num="46" type="stmt" count="3"/>
        <line num="48" type="stmt" count="3"/>
        <line num="59" type="method" name="renderToolbarItems" visibility="protected" complexity="3" crap="3" count="3"/>
        <line num="61" type="stmt" count="3"/>
        <line num="62" type="stmt" count="3"/>
        <line num="63" type="stmt" count="3"/>
        <line num="65" type="stmt" count="2"/>
        <line num="74" type="method" name="renderToolbarItem" visibility="protected" complexity="5" crap="5" count="3"/>
        <line num="76" type="stmt" count="3"/>
        <line num="77" type="stmt" count="2"/>
        <line num="78" type="stmt" count="2"/>
        <line num="80" type="stmt" count="1"/>
        <line num="81" type="stmt" count="1"/>
        <line num="84" type="stmt" count="2"/>
        <line num="85" type="stmt" count="1"/>
        <line num="88" type="stmt" count="1"/>
        <line num="89" type="stmt" count="1"/>
        <line num="90" type="stmt" count="1"/>
        <line num="91" type="stmt" count="1"/>
        <line num="98" type="method" name="getButtonGroupHelper" visibility="public" complexity="3" crap="3" count="3"/>
        <line num="100" type="stmt" count="3"/>
        <line num="101" type="stmt" count="2"/>
        <line num="104" type="stmt" count="2"/>
        <line num="105" type="stmt" count="1"/>
        <line num="108" type="stmt" count="1"/>
        <line num="114" type="method" name="getFormElementHelper" visibility="public" complexity="3" crap="3" count="2"/>
        <line num="116" type="stmt" count="2"/>
        <line num="117" type="stmt" count="1"/>
        <line num="120" type="stmt" count="2"/>
        <line num="121" type="stmt" count="1"/>
        <line num="124" type="stmt" count="1"/>
        <line num="125" type="stmt" count="1"/>
        <metrics loc="128" ncloc="86" classes="1" methods="6" coveredmethods="6" conditionals="0" coveredconditionals="0" statements="31" coveredstatements="31" elements="37" coveredelements="37"/>
      </file>
      <file name="C:\Users\neilime\Documents\dev-projects\zf-twbs-helper-module\src\TwbsHelper\View\Helper\Card.php">
        <class name="TwbsHelper\View\Helper\Card" namespace="TwbsHelper\View\Helper">
          <metrics complexity="52" methods="10" coveredmethods="10" conditionals="0" coveredconditionals="0" statements="134" coveredstatements="134" elements="144" coveredelements="144"/>
        </class>
        <line num="42" type="method" name="__invoke" visibility="public" complexity="1" crap="1" count="23"/>
        <line num="47" type="stmt" count="23"/>
        <line num="50" type="method" name="renderCardContainer" visibility="protected" complexity="14" crap="14" count="23"/>
        <line num="52" type="stmt" count="23"/>
        <line num="53" type="stmt" count="23"/>
        <line num="54" type="stmt" count="2"/>
        <line num="56" type="stmt" count="23"/>
        <line num="58" type="stmt" count="23"/>
        <line num="59" type="stmt" count="1"/>
        <line num="60" type="stmt" count="22"/>
        <line num="61" type="stmt" count="22"/>
        <line num="63" type="stmt" count="22"/>
        <line num="64" type="stmt" count="22"/>
        <line num="65" type="stmt" count="22"/>
        <line num="66" type="stmt" count="12"/>
        <line num="68" type="stmt" count="21"/>
        <line num="70" type="stmt" count="22"/>
        <line num="72" type="stmt" count="17"/>
        <line num="73" type="stmt" count="6"/>
        <line num="74" type="stmt" count="6"/>
        <line num="77" type="stmt" count="6"/>
        <line num="80" type="stmt" count="17"/>
        <line num="81" type="stmt" count="17"/>
        <line num="82" type="stmt" count="17"/>
        <line num="85" type="stmt" count="17"/>
        <line num="89" type="stmt" count="20"/>
        <line num="90" type="stmt" count="16"/>
        <line num="93" type="stmt" count="19"/>
        <line num="96" type="stmt" count="20"/>
        <line num="97" type="stmt" count="20"/>
        <line num="98" type="stmt" count="3"/>
        <line num="100" type="stmt" count="20"/>
        <line num="102" type="stmt" count="20"/>
        <line num="103" type="stmt" count="2"/>
        <line num="105" type="stmt" count="20"/>
        <line num="107" type="stmt" count="20"/>
        <line num="108" type="stmt" count="20"/>
        <line num="109" type="stmt" count="20"/>
        <line num="111" type="stmt" count="20"/>
        <line num="115" type="method" name="renderCardHeader" visibility="protected" complexity="1" crap="1" count="7"/>
        <line num="117" type="stmt" count="7"/>
        <line num="118" type="stmt" count="7"/>
        <line num="119" type="stmt" count="7"/>
        <line num="122" type="method" name="renderCardHeaderNav" visibility="protected" complexity="12" crap="12" count="3"/>
        <line num="124" type="stmt" count="3"/>
        <line num="125" type="stmt" count="3"/>
        <line num="127" type="stmt" count="3"/>
        <line num="128" type="stmt" count="3"/>
        <line num="129" type="stmt" count="1"/>
        <line num="130" type="stmt" count="3"/>
        <line num="131" type="stmt" count="3"/>
        <line num="132" type="stmt" count="1"/>
        <line num="134" type="stmt" count="2"/>
        <line num="135" type="stmt" count="1"/>
        <line num="137" type="stmt" count="1"/>
        <line num="138" type="stmt" count="1"/>
        <line num="141" type="stmt" count="1"/>
        <line num="143" type="stmt" count="1"/>
        <line num="144" type="stmt" count="1"/>
        <line num="149" type="stmt" count="2"/>
        <line num="150" type="stmt" count="2"/>
        <line num="153" type="stmt" count="2"/>
        <line num="154" type="stmt" count="2"/>
[...]
        <line num="41" type="stmt" count="1"/>
        <line num="42" type="stmt" count="1"/>
        <line num="44" type="stmt" count="0"/>
        <line num="51" type="stmt" count="0"/>
        <line num="52" type="stmt" count="1"/>
        <line num="54" type="stmt" count="0"/>
        <line num="58" type="stmt" count="0"/>
        <line num="59" type="stmt" count="1"/>
        <line num="61" type="stmt" count="0"/>
        <line num="65" type="stmt" count="0"/>
        <line num="66" type="stmt" count="1"/>
        <line num="68" type="stmt" count="0"/>
        <line num="72" type="stmt" count="0"/>
        <line num="73" type="stmt" count="1"/>
        <line num="75" type="stmt" count="1"/>
        <line num="79" type="stmt" count="1"/>
        <line num="81" type="stmt" count="0"/>
        <line num="82" type="stmt" count="0"/>
        <line num="83" type="stmt" count="0"/>
        <line num="89" type="stmt" count="5"/>
        <line num="94" type="stmt" count="5"/>
        <line num="95" type="stmt" count="1"/>
        <line num="98" type="stmt" count="5"/>
        <line num="100" type="stmt" count="5"/>
        <line num="103" type="stmt" count="5"/>
        <line num="104" type="stmt" count="1"/>
        <line num="105" type="stmt" count="1"/>
        <line num="111" type="stmt" count="5"/>
        <line num="112" type="stmt" count="5"/>
        <line num="113" type="stmt" count="5"/>
        <line num="115" type="stmt" count="5"/>
        <line num="116" type="stmt" count="5"/>
        <line num="122" type="method" name="renderHeader" visibility="public" complexity="11" crap="11" count="5"/>
        <line num="124" type="stmt" count="5"/>
        <line num="126" type="stmt" count="5"/>
        <line num="127" type="stmt" count="5"/>
        <line num="128" type="stmt" count="5"/>
        <line num="132" type="stmt" count="5"/>
        <line num="133" type="stmt" count="5"/>
        <line num="134" type="stmt" count="0"/>
        <line num="135" type="stmt" count="5"/>
        <line num="137" type="stmt" count="5"/>
        <line num="138" type="stmt" count="5"/>
        <line num="139" type="stmt" count="5"/>
        <line num="140" type="stmt" count="5"/>
        <line num="141" type="stmt" count="5"/>
        <line num="143" type="stmt" count="5"/>
        <line num="147" type="stmt" count="5"/>
        <line num="148" type="stmt" count="5"/>
        <line num="149" type="stmt" count="0"/>
        <line num="150" type="stmt" count="5"/>
        <line num="153" type="stmt" count="5"/>
        <line num="154" type="stmt" count="5"/>
        <line num="155" type="stmt" count="5"/>
        <line num="156" type="stmt" count="5"/>
        <line num="157" type="stmt" count="5"/>
        <line num="159" type="stmt" count="5"/>
        <line num="164" type="stmt" count="5"/>
        <line num="165" type="stmt" count="5"/>
        <line num="166" type="stmt" count="5"/>
        <line num="168" type="stmt" count="5"/>
        <line num="169" type="stmt" count="5"/>
        <line num="170" type="stmt" count="5"/>
        <line num="171" type="stmt" count="5"/>
        <line num="172" type="stmt" count="5"/>
        <line num="173" type="stmt" count="5"/>
        <line num="174" type="stmt" count="5"/>
        <line num="176" type="stmt" count="5"/>
        <line num="177" type="stmt" count="5"/>
        <line num="178" type="stmt" count="5"/>
        <line num="179" type="stmt" count="5"/>
        <line num="180" type="stmt" count="5"/>
        <line num="184" type="stmt" count="5"/>
        <line num="185" type="stmt" count="5"/>
        <line num="186" type="stmt" count="5"/>
        <line num="191" type="method" name="renderBody" visibility="public" complexity="1" crap="1" count="5"/>
        <line num="193" type="stmt" count="5"/>
        <line num="194" type="stmt" count="5"/>
        <line num="195" type="stmt" count="5"/>
        <metrics loc="199" ncloc="191" classes="1" methods="4" coveredmethods="2" conditionals="0" coveredconditionals="0" statements="84" coveredstatements="71" elements="88" coveredelements="73"/>
      </file>
    </package>
    <package name="TwbsHelper\View\Helper\Navigation">
      <file name="C:\Users\neilime\Documents\dev-projects\zf-twbs-helper-module\src\TwbsHelper\View\Helper\Navigation\Breadcrumbs.php">
        <class name="TwbsHelper\View\Helper\Navigation\Breadcrumbs" namespace="TwbsHelper\View\Helper\Navigation">
          <metrics complexity="11" methods="3" coveredmethods="3" conditionals="0" coveredconditionals="0" statements="31" coveredstatements="31" elements="34" coveredelements="34"/>
        </class>
        <line num="26" type="method" name="renderStraight" visibility="public" complexity="8" crap="8" count="3"/>
        <line num="28" type="stmt" count="3"/>
        <line num="29" type="stmt" count="3"/>
        <line num="30" type="stmt" count="1"/>
        <line num="34" type="stmt" count="3"/>
        <line num="35" type="stmt" count="1"/>
        <line num="38" type="stmt" count="2"/>
        <line num="41" type="stmt" count="2"/>
        <line num="42" type="stmt" count="1"/>
        <line num="44" type="stmt" count="1"/>
        <line num="45" type="stmt" count="1"/>
        <line num="46" type="stmt" count="1"/>
        <line num="47" type="stmt" count="1"/>
        <line num="48" type="stmt" count="1"/>
        <line num="49" type="stmt" count="1"/>
        <line num="52" type="stmt" count="1"/>
        <line num="57" type="stmt" count="2"/>
        <line num="58" type="stmt" count="2"/>
        <line num="60" type="stmt" count="2"/>
        <line num="63" type="stmt" count="2"/>
        <line num="65" type="stmt" count="2"/>
        <line num="68" type="stmt" count="2"/>
        <line num="71" type="stmt" count="2"/>
        <line num="72" type="stmt" count="2"/>
        <line num="73" type="stmt" count="2"/>
        <line num="83" type="method" name="htmlify" visibility="public" complexity="1" crap="1" count="2"/>
        <line num="85" type="stmt" count="2"/>
        <line num="86" type="stmt" count="2"/>
        <line num="87" type="stmt" count="2"/>
        <line num="92" type="method" name="renderBreadcrumbItem" visibility="protected" complexity="2" crap="2" count="2"/>
        <line num="94" type="stmt" count="2"/>
        <line num="95" type="stmt" count="2"/>
        <line num="96" type="stmt" count="2"/>
        <line num="97" type="stmt" count="2"/>
        <metrics loc="101" ncloc="74" classes="1" methods="3" coveredmethods="3" conditionals="0" coveredconditionals="0" statements="31" coveredstatements="31" elements="34" coveredelements="34"/>
      </file>
      <file name="C:\Users\neilime\Documents\dev-projects\zf-twbs-helper-module\src\TwbsHelper\View\Helper\Navigation\Menu.php">
        <class name="TwbsHelper\View\Helper\Navigation\Menu" namespace="TwbsHelper\View\Helper\Navigation">
          <metrics complexity="25" methods="3" coveredmethods="2" conditionals="0" coveredconditionals="0" statements="79" coveredstatements="75" elements="82" coveredelements="77"/>
        </class>
        <line num="26" type="method" name="renderMenu" visibility="public" complexity="13" crap="13" count="19"/>
        <line num="28" type="stmt" count="19"/>
        <line num="29" type="stmt" count="19"/>
        <line num="30" type="stmt" count="1"/>
        <line num="33" type="stmt" count="19"/>
        <line num="35" type="stmt" count="19"/>
        <line num="38" type="stmt" count="19"/>
        <line num="39" type="stmt" count="15"/>
        <line num="40" type="stmt" count="15"/>
        <line num="41" type="stmt" count="4"/>
        <line num="43" type="stmt" count="15"/>
        <line num="44" type="stmt" count="15"/>
        <line num="45" type="stmt" count="15"/>
        <line num="49" type="stmt" count="19"/>
        <line num="50" type="stmt" count="19"/>
        <line num="54" type="stmt" count="19"/>
        <line num="63" type="stmt" count="19"/>
        <line num="64" type="stmt" count="10"/>
        <line num="68" type="stmt" count="19"/>
        <line num="69" type="stmt" count="1"/>
        <line num="70" type="stmt" count="1"/>
        <line num="71" type="stmt" count="1"/>
        <line num="74" type="stmt" count="19"/>
        <line num="76" type="stmt" count="19"/>
        <line num="78" type="stmt" count="19"/>
        <line num="79" type="stmt" count="19"/>
        <line num="85" type="stmt" count="19"/>
        <line num="86" type="stmt" count="5"/>
        <line num="87" type="stmt" count="5"/>
        <line num="92" type="stmt" count="5"/>
        <line num="93" type="stmt" count="5"/>
        <line num="95" type="stmt" count="1"/>
        <line num="99" type="stmt" count="19"/>
        <line num="100" type="stmt" count="2"/>
        <line num="101" type="stmt" count="2"/>
        <line num="102" type="stmt" count="2"/>
        <line num="103" type="stmt" count="2"/>
        <line num="104" type="stmt" count="2"/>
        <line num="105" type="stmt" count="2"/>
        <line num="112" type="stmt" count="19"/>
        <line num="126" type="method" name="htmlify" visibility="public" complexity="8" crap="8" count="15"/>
        <line num="131" type="stmt" count="15"/>
        <line num="133" type="stmt" count="15"/>
        <line num="134" type="stmt" count="15"/>
        <line num="135" type="stmt" count="15"/>
        <line num="137" type="stmt" count="15"/>
        <line num="138" type="stmt" count="12"/>
        <line num="141" type="stmt" count="15"/>
        <line num="142" type="stmt" count="15"/>
        <line num="143" type="stmt" count="4"/>
        <line num="144" type="stmt" count="4"/>
        <line num="145" type="stmt" count="4"/>
        <line num="146" type="stmt" count="4"/>
        <line num="147" type="stmt" count="2"/>
        <line num="149" type="stmt" count="2"/>
        <line num="150" type="stmt" count="2"/>
        <line num="153" type="stmt" count="4"/>
        <line num="154" type="stmt" count="4"/>
        <line num="157" type="stmt" count="4"/>
        <line num="158" type="stmt" count="4"/>
        <line num="159" type="stmt" count="4"/>
        <line num="161" type="stmt" count="4"/>
        <line num="164" type="stmt" count="4"/>
        <line num="165" type="stmt" count="4"/>
        <line num="169" type="stmt" count="15"/>
        <line num="172" type="stmt" count="15"/>
        <line num="173" type="stmt" count="15"/>
        <line num="175" type="stmt" count="4"/>
        <line num="178" type="stmt" count="15"/>
        <line num="179" type="stmt" count="15"/>
        <line num="180" type="stmt" count="15"/>
        <line num="192" type="method" name="htmlAttribs" visibility="protected" complexity="4" crap="5.02" count="15"/>
        <line num="194" type="stmt" count="15"/>
        <line num="195" type="stmt" count="15"/>
        <line num="196" type="stmt" count="12"/>
        <line num="197" type="stmt" count="12"/>
        <line num="199" type="stmt" count="15"/>
        <line num="200" type="stmt" count="0"/>
        <line num="201" type="stmt" count="0"/>
        <line num="202" type="stmt" count="0"/>
        <line num="203" type="stmt" count="0"/>
        <line num="207" type="stmt" count="15"/>
        <metrics loc="209" ncloc="170" classes="1" methods="3" coveredmethods="2" conditionals="0" coveredconditionals="0" statements="79" coveredstatements="75" elements="82" coveredelements="77"/>
      </file>
      <file name="C:\Users\neilime\Documents\dev-projects\zf-twbs-helper-module\src\TwbsHelper\View\Helper\Navigation\Navbar.php">
        <class name="TwbsHelper\View\Helper\Navigation\Navbar" namespace="TwbsHelper\View\Helper\Navigation">
          <metrics complexity="53" methods="9" coveredmethods="5" conditionals="0" coveredconditionals="0" statements="138" coveredstatements="130" elements="147" coveredelements="135"/>
        </class>
        <line num="21" type="method" name="__invoke" visibility="public" complexity="2" crap="2.15" count="8"/>
        <line num="23" type="stmt" count="8"/>
        <line num="24" type="stmt" count="0"/>
        <line num="27" type="stmt" count="8"/>
        <line num="41" type="method" name="render" visibility="public" complexity="1" crap="1" count="8"/>
        <line num="43" type="stmt" count="8"/>
        <line num="59" type="method" name="renderNavbar" visibility="public" complexity="26" crap="26" count="8"/>
        <line num="61" type="stmt" count="8"/>
        <line num="62" type="stmt" count="8"/>
        <line num="63" type="stmt" count="0"/>
        <line num="66" type="stmt" count="8"/>
        <line num="67" type="stmt" count="8"/>
        <line num="68" type="stmt" count="8"/>
        <line num="70" type="stmt" count="8"/>
        <line num="71" type="stmt" count="8"/>
        <line num="72" type="stmt" count="5"/>
        <line num="73" type="stmt" count="5"/>
        <line num="74" type="stmt" count="5"/>
        <line num="77" type="stmt" count="8"/>
        <line num="78" type="stmt" count="8"/>
        <line num="79" type="stmt" count="8"/>
        <line num="80" type="stmt" count="8"/>
        <line num="83" type="stmt" count="8"/>
        <line num="84" type="stmt" count="8"/>
        <line num="85" type="stmt" count="8"/>
        <line num="86" type="stmt" count="8"/>
        <line num="89" type="stmt" count="8"/>
        <line num="90" type="stmt" count="1"/>
        <line num="93" type="stmt" count="8"/>
        <line num="96" type="stmt" count="8"/>
        <line num="97" type="stmt" count="8"/>
        <line num="101" type="stmt" count="8"/>
        <line num="102" type="stmt" count="4"/>
        <line num="103" type="stmt" count="4"/>
        <line num="109" type="stmt" count="8"/>
        <line num="110" type="stmt" count="8"/>
        <line num="111" type="stmt" count="3"/>
        <line num="114" type="stmt" count="8"/>
        <line num="117" type="stmt" count="8"/>
        <line num="118" type="stmt" count="3"/>
        <line num="122" type="stmt" count="8"/>
        <line num="123" type="stmt" count="1"/>
        <line num="124" type="stmt" count="1"/>
        <line num="125" type="stmt" count="1"/>
        <line num="127" type="stmt" count="1"/>
        <line num="131" type="stmt" count="8"/>
        <line num="132" type="stmt" count="5"/>
        <line num="133" type="stmt" count="5"/>
        <line num="134" type="stmt" count="4"/>
        <line num="135" type="stmt" count="4"/>
        <line num="136" type="stmt" count="4"/>
        <line num="138" type="stmt" count="4"/>
        <line num="142" type="stmt" count="5"/>
        <line num="145" type="stmt" count="8"/>
        <line num="147" type="stmt" count="8"/>
        <line num="148" type="stmt" count="1"/>
        <line num="149" type="stmt" count="1"/>
        <line num="150" type="stmt" count="1"/>
        <line num="155" type="stmt" count="8"/>
        <line num="156" type="stmt" count="8"/>
        <line num="157" type="stmt" count="8"/>
        <line num="161" type="stmt" count="8"/>
        <line num="162" type="stmt" count="1"/>
        <line num="163" type="stmt" count="1"/>
        <line num="164" type="stmt" count="1"/>
        <line num="169" type="stmt" count="8"/>
        <line num="172" type="method" name="renderToggler" visibility="public" complexity="3" crap="3" count="4"/>
        <line num="174" type="stmt" count="4"/>
        <line num="177" type="stmt" count="4"/>
        <line num="178" type="stmt" count="4"/>
        <line num="179" type="stmt" count="4"/>
        <line num="180" type="stmt" count="4"/>
        <line num="181" type="stmt" count="4"/>
        <line num="182" type="stmt" count="4"/>
        <line num="183" type="stmt" count="4"/>
        <line num="186" type="stmt" count="4"/>
        <line num="187" type="stmt" count="3"/>
        <line num="188" type="stmt" count="3"/>
        <line num="191" type="stmt" count="4"/>
        <line num="193" type="stmt" count="4"/>
        <line num="198" type="stmt" count="4"/>
        <line num="200" type="stmt" count="4"/>
        <line num="204" type="method" name="renderBrand" visibility="public" complexity="8" crap="8" count="8"/>
        <line num="206" type="stmt" count="8"/>
        <line num="207" type="stmt" count="8"/>
        <line num="210" type="stmt" count="8"/>
        <line num="211" type="stmt" count="8"/>
        <line num="212" type="stmt" count="8"/>
        <line num="215" type="stmt" count="8"/>
        <line num="217" type="stmt" count="1"/>
        <line num="221" type="stmt" count="1"/>
        <line num="222" type="stmt" count="1"/>
        <line num="224" type="stmt" count="1"/>
        <line num="225" type="stmt" count="1"/>
        <line num="226" type="stmt" count="1"/>
        <line num="229" type="stmt" count="1"/>
        <line num="230" type="stmt" count="1"/>
        <line num="231" type="stmt" count="1"/>
        <line num="234" type="stmt" count="8"/>
        <line num="235" type="stmt" count="8"/>
        <line num="238" type="stmt" count="8"/>
        <line num="239" type="stmt" count="8"/>
        <line num="240" type="stmt" count="8"/>
        <line num="241" type="stmt" count="8"/>
        <line num="242" type="stmt" count="1"/>
        <line num="243" type="stmt" count="1"/>
        <line num="244" type="stmt" count="1"/>
        <line num="246" type="stmt" count="0"/>
        <line num="249" type="stmt" count="8"/>
        <line num="250" type="stmt" count="8"/>
        <line num="251" type="stmt" count="8"/>
        <line num="254" type="stmt" count="8"/>
        <line num="255" type="stmt" count="8"/>
        <line num="256" type="stmt" count="8"/>
        <line num="261" type="method" name="renderText" visibility="public" complexity="3" crap="3" count="1"/>
        <line num="263" type="stmt" count="1"/>
        <line num="264" type="stmt" count="1"/>
        <line num="267" type="stmt" count="1"/>
        <line num="268" type="stmt" count="1"/>
        <line num="269" type="stmt" count="1"/>
        <line num="272" type="stmt" count="1"/>
        <line num="273" type="stmt" count="1"/>
        <line num="274" type="stmt" count="1"/>
        <line num="275" type="stmt" count="1"/>
        <line num="276" type="stmt" count="1"/>
        <line num="282" type="method" name="renderNav" visibility="public" complexity="1" crap="1" count="8"/>
        <line num="284" type="stmt" count="8"/>
        <line num="286" type="stmt" count="8"/>
        <line num="288" type="stmt" count="8"/>
        <line num="293" type="method" name="renderForm" visibility="public" complexity="8" crap="10.37" count="3"/>
        <line num="296" type="stmt" count="3"/>
        <line num="297" type="stmt" count="0"/>
        <line num="298" type="stmt" count="3"/>
        <line num="300" type="stmt" count="3"/>
        <line num="303" type="stmt" count="3"/>
        <line num="304" type="stmt" count="3"/>
        <line num="307" type="stmt" count="3"/>
        <line num="308" type="stmt" count="0"/>
        <line num="309" type="stmt" count="0"/>
        <line num="310" type="stmt" count="0"/>
        <line num="311" type="stmt" count="0"/>
        <line num="316" type="stmt" count="3"/>
        <line num="317" type="stmt" count="3"/>
        <line num="320" type="stmt" count="3"/>
        <line num="321" type="stmt" count="3"/>
        <line num="332" type="method" name="normalizeId" visibility="protected" complexity="1" crap="1" count="3"/>
        <line num="334" type="stmt" count="3"/>
        <metrics loc="336" ncloc="279" classes="1" methods="9" coveredmethods="5" conditionals="0" coveredconditionals="0" statements="138" coveredstatements="130" elements="147" coveredelements="135"/>
      </file>
    </package>
    <metrics files="57" loc="7150" ncloc="5847" classes="49" methods="195" coveredmethods="134" conditionals="0" coveredconditionals="0" statements="2583" coveredstatements="2361" elements="2778" coveredelements="2495"/>
  </project>
</coverage>
